app/build/intermediates/manifest_merge_blame_file/release/processReleaseMainManifest/manifest-merger-blame-release-report.txt
1<?xml version="1.0" encoding="utf-8"?>
2<manifest xmlns:android="http://schemas.android.com/apk/res/android"
3    package="com.acms.cinemeteor"
4    android:versionCode="1"
5    android:versionName="1.0" >
6
7    <uses-sdk
8        android:minSdkVersion="29"
9        android:targetSdkVersion="36" />
10
11    <uses-permission android:name="android.permission.INTERNET" />
11-->src\main\AndroidManifest.xml:4:5-67
11-->src\main\AndroidManifest.xml:4:22-64
12    <uses-permission android:name="android.permission.POST_NOTIFICATIONS" />
12-->src\main\AndroidManifest.xml:5:5-76
12-->src\main\AndroidManifest.xml:5:22-74
13    <uses-permission android:name="android.permission.ACCESS_NETWORK_STATE" />
13-->[com.google.firebase:firebase-auth:24.0.1] AndroidManifest.xml:26:5-79
13-->[com.google.firebase:firebase-auth:24.0.1] AndroidManifest.xml:26:22-76
14    <uses-permission android:name="android.permission.WAKE_LOCK" /> <!-- Required by older versions of Google Play services to create IID tokens -->
14-->[com.google.firebase:firebase-messaging:25.0.1] AndroidManifest.xml:24:5-68
14-->[com.google.firebase:firebase-messaging:25.0.1] AndroidManifest.xml:24:22-65
15    <uses-permission android:name="com.google.android.c2dm.permission.RECEIVE" />
15-->[com.google.firebase:firebase-messaging:25.0.1] AndroidManifest.xml:26:5-82
15-->[com.google.firebase:firebase-messaging:25.0.1] AndroidManifest.xml:26:22-79
16    <uses-permission android:name="com.google.android.gms.permission.AD_ID" />
16-->[com.google.android.gms:play-services-measurement-api:23.0.0] AndroidManifest.xml:25:5-79
16-->[com.google.android.gms:play-services-measurement-api:23.0.0] AndroidManifest.xml:25:22-76
17    <uses-permission android:name="android.permission.ACCESS_ADSERVICES_ATTRIBUTION" />
17-->[com.google.android.gms:play-services-measurement-api:23.0.0] AndroidManifest.xml:26:5-88
17-->[com.google.android.gms:play-services-measurement-api:23.0.0] AndroidManifest.xml:26:22-85
18    <uses-permission android:name="android.permission.ACCESS_ADSERVICES_AD_ID" />
18-->[com.google.android.gms:play-services-measurement-api:23.0.0] AndroidManifest.xml:27:5-82
18-->[com.google.android.gms:play-services-measurement-api:23.0.0] AndroidManifest.xml:27:22-79
19    <uses-permission android:name="com.google.android.finsky.permission.BIND_GET_INSTALL_REFERRER_SERVICE" />
19-->[com.google.android.gms:play-services-measurement:23.0.0] AndroidManifest.xml:26:5-110
19-->[com.google.android.gms:play-services-measurement:23.0.0] AndroidManifest.xml:26:22-107
20    <uses-permission android:name="com.google.android.providers.gsf.permission.READ_GSERVICES" />
20-->[com.google.android.recaptcha:recaptcha:18.6.1] AndroidManifest.xml:9:5-98
20-->[com.google.android.recaptcha:recaptcha:18.6.1] AndroidManifest.xml:9:22-95
21
22    <permission
22-->[androidx.core:core:1.17.0] AndroidManifest.xml:22:5-24:47
23        android:name="com.acms.cinemeteor.DYNAMIC_RECEIVER_NOT_EXPORTED_PERMISSION"
23-->[androidx.core:core:1.17.0] AndroidManifest.xml:23:9-81
24        android:protectionLevel="signature" />
24-->[androidx.core:core:1.17.0] AndroidManifest.xml:24:9-44
25
26    <uses-permission android:name="com.acms.cinemeteor.DYNAMIC_RECEIVER_NOT_EXPORTED_PERMISSION" />
26-->[androidx.core:core:1.17.0] AndroidManifest.xml:26:5-97
26-->[androidx.core:core:1.17.0] AndroidManifest.xml:26:22-94
27
28    <application
28-->src\main\AndroidManifest.xml:8:5-88:19
29        android:allowBackup="false"
29-->src\main\AndroidManifest.xml:9:9-36
30        android:appComponentFactory="androidx.core.app.CoreComponentFactory"
30-->[androidx.core:core:1.17.0] AndroidManifest.xml:28:18-86
31        android:dataExtractionRules="@xml/data_extraction_rules"
31-->src\main\AndroidManifest.xml:10:9-65
32        android:extractNativeLibs="false"
33        android:fullBackupContent="@xml/backup_rules"
33-->src\main\AndroidManifest.xml:11:9-54
34        android:icon="@mipmap/ic_launcher"
34-->src\main\AndroidManifest.xml:12:9-43
35        android:label="@string/app_name"
35-->src\main\AndroidManifest.xml:13:9-41
36        android:roundIcon="@mipmap/ic_launcher_round"
36-->src\main\AndroidManifest.xml:14:9-54
37        android:supportsRtl="true"
37-->src\main\AndroidManifest.xml:15:9-35
38        android:theme="@style/Theme.Cinemeteor" >
38-->src\main\AndroidManifest.xml:16:9-48
39        <activity
39-->src\main\AndroidManifest.xml:17:9-21:55
40            android:name="com.acms.cinemeteor.FilmActivity"
40-->src\main\AndroidManifest.xml:18:13-41
41            android:exported="false"
41-->src\main\AndroidManifest.xml:19:13-37
42            android:label="@string/title_activity_film"
42-->src\main\AndroidManifest.xml:20:13-56
43            android:theme="@style/Theme.Cinemeteor" />
43-->src\main\AndroidManifest.xml:21:13-52
44        <activity
44-->src\main\AndroidManifest.xml:22:9-26:55
45            android:name="com.acms.cinemeteor.FavouriteActivity"
45-->src\main\AndroidManifest.xml:23:13-46
46            android:exported="false"
46-->src\main\AndroidManifest.xml:24:13-37
47            android:label="@string/title_activity_favorite"
47-->src\main\AndroidManifest.xml:25:13-60
48            android:theme="@style/Theme.Cinemeteor" />
48-->src\main\AndroidManifest.xml:26:13-52
49        <activity
49-->src\main\AndroidManifest.xml:27:9-31:55
50            android:name="com.acms.cinemeteor.AboutActivity"
50-->src\main\AndroidManifest.xml:28:13-42
51            android:exported="true"
51-->src\main\AndroidManifest.xml:29:13-36
52            android:label="activity about"
52-->src\main\AndroidManifest.xml:30:13-43
53            android:theme="@style/Theme.Cinemeteor" />
53-->src\main\AndroidManifest.xml:31:13-52
54        <activity
54-->src\main\AndroidManifest.xml:32:9-36:55
55            android:name="com.acms.cinemeteor.ProfileActivity"
55-->src\main\AndroidManifest.xml:33:13-44
56            android:exported="true"
56-->src\main\AndroidManifest.xml:34:13-36
57            android:label="activity profile"
57-->src\main\AndroidManifest.xml:35:13-45
58            android:theme="@style/Theme.Cinemeteor" />
58-->src\main\AndroidManifest.xml:36:13-52
59        <activity
59-->src\main\AndroidManifest.xml:37:9-41:54
60            android:name="com.acms.cinemeteor.LoginActivity"
60-->src\main\AndroidManifest.xml:38:13-42
61            android:exported="true"
61-->src\main\AndroidManifest.xml:39:13-36
62            android:label="@string/app_name"
62-->src\main\AndroidManifest.xml:40:13-45
63            android:theme="@style/Theme.Cinemeteor" />
63-->src\main\AndroidManifest.xml:41:13-52
64        <activity
64-->src\main\AndroidManifest.xml:42:9-46:55
65            android:name="com.acms.cinemeteor.SignupActivity"
65-->src\main\AndroidManifest.xml:43:13-43
66            android:exported="true"
66-->src\main\AndroidManifest.xml:44:13-36
67            android:label="@string/app_name"
67-->src\main\AndroidManifest.xml:45:13-45
68            android:theme="@style/Theme.Cinemeteor" />
68-->src\main\AndroidManifest.xml:46:13-52
69        <activity
69-->src\main\AndroidManifest.xml:47:9-51:55
70            android:name="com.acms.cinemeteor.MainActivity"
70-->src\main\AndroidManifest.xml:48:13-41
71            android:exported="true"
71-->src\main\AndroidManifest.xml:49:13-36
72            android:label="@string/app_name"
72-->src\main\AndroidManifest.xml:50:13-45
73            android:theme="@style/Theme.Cinemeteor" />
73-->src\main\AndroidManifest.xml:51:13-52
74        <activity
74-->src\main\AndroidManifest.xml:52:9-56:55
75            android:name="com.acms.cinemeteor.EditProfileActivity"
75-->src\main\AndroidManifest.xml:53:13-48
76            android:exported="true"
76-->src\main\AndroidManifest.xml:54:13-36
77            android:label="@string/app_name"
77-->src\main\AndroidManifest.xml:55:13-45
78            android:theme="@style/Theme.Cinemeteor" />
78-->src\main\AndroidManifest.xml:56:13-52
79        <activity
79-->src\main\AndroidManifest.xml:57:9-61:55
80            android:name="com.acms.cinemeteor.CreateAccountActivity"
80-->src\main\AndroidManifest.xml:58:13-50
81            android:exported="true"
81-->src\main\AndroidManifest.xml:59:13-36
82            android:label="@string/app_name"
82-->src\main\AndroidManifest.xml:60:13-45
83            android:theme="@style/Theme.Cinemeteor" />
83-->src\main\AndroidManifest.xml:61:13-52
84        <activity
84-->src\main\AndroidManifest.xml:62:9-66:55
85            android:name="com.acms.cinemeteor.CloudSavedActivity"
85-->src\main\AndroidManifest.xml:63:13-47
86            android:exported="true"
86-->src\main\AndroidManifest.xml:64:13-36
87            android:label="@string/app_name"
87-->src\main\AndroidManifest.xml:65:13-45
88            android:theme="@style/Theme.Cinemeteor" />
88-->src\main\AndroidManifest.xml:66:13-52
89        <activity
89-->src\main\AndroidManifest.xml:67:9-71:55
90            android:name="com.acms.cinemeteor.Notification.NotificationsActivity"
90-->src\main\AndroidManifest.xml:68:13-63
91            android:exported="true"
91-->src\main\AndroidManifest.xml:69:13-36
92            android:label="Notifications"
92-->src\main\AndroidManifest.xml:70:13-42
93            android:theme="@style/Theme.Cinemeteor" />
93-->src\main\AndroidManifest.xml:71:13-52
94        <activity
94-->src\main\AndroidManifest.xml:72:9-80:20
95            android:name="com.acms.cinemeteor.SplashScreen"
95-->src\main\AndroidManifest.xml:73:13-41
96            android:exported="true"
96-->src\main\AndroidManifest.xml:74:13-36
97            android:label="@string/app_name" >
97-->src\main\AndroidManifest.xml:75:13-45
98            <intent-filter>
98-->src\main\AndroidManifest.xml:76:13-79:29
99                <action android:name="android.intent.action.MAIN" />
99-->src\main\AndroidManifest.xml:77:17-69
99-->src\main\AndroidManifest.xml:77:25-66
100
101                <category android:name="android.intent.category.LAUNCHER" />
101-->src\main\AndroidManifest.xml:78:17-77
101-->src\main\AndroidManifest.xml:78:27-74
102            </intent-filter>
103        </activity>
104
105        <service
105-->src\main\AndroidManifest.xml:81:9-87:19
106            android:name="com.acms.cinemeteor.Notification.MyFirebaseMessagingService"
106-->src\main\AndroidManifest.xml:82:13-68
107            android:exported="false" >
107-->src\main\AndroidManifest.xml:83:13-37
108            <intent-filter>
108-->src\main\AndroidManifest.xml:84:13-86:29
109                <action android:name="com.google.firebase.MESSAGING_EVENT" />
109-->src\main\AndroidManifest.xml:85:17-78
109-->src\main\AndroidManifest.xml:85:25-75
110            </intent-filter>
111        </service>
112        <service
112-->[com.google.firebase:firebase-auth-ktx:23.0.0] AndroidManifest.xml:8:9-14:19
113            android:name="com.google.firebase.components.ComponentDiscoveryService"
113-->[com.google.firebase:firebase-auth-ktx:23.0.0] AndroidManifest.xml:9:13-84
114            android:directBootAware="true"
114-->[com.google.firebase:firebase-common:22.0.1] AndroidManifest.xml:32:13-43
115            android:exported="false" >
115-->[com.google.firebase:firebase-auth-ktx:23.0.0] AndroidManifest.xml:10:13-37
116            <meta-data
116-->[com.google.firebase:firebase-auth-ktx:23.0.0] AndroidManifest.xml:11:13-13:85
117                android:name="com.google.firebase.components:com.google.firebase.auth.ktx.FirebaseAuthLegacyRegistrar"
117-->[com.google.firebase:firebase-auth-ktx:23.0.0] AndroidManifest.xml:12:17-119
118                android:value="com.google.firebase.components.ComponentRegistrar" />
118-->[com.google.firebase:firebase-auth-ktx:23.0.0] AndroidManifest.xml:13:17-82
119            <meta-data
119-->[com.google.firebase:firebase-auth:24.0.1] AndroidManifest.xml:69:13-71:85
120                android:name="com.google.firebase.components:com.google.firebase.auth.FirebaseAuthRegistrar"
120-->[com.google.firebase:firebase-auth:24.0.1] AndroidManifest.xml:70:17-109
121                android:value="com.google.firebase.components.ComponentRegistrar" />
121-->[com.google.firebase:firebase-auth:24.0.1] AndroidManifest.xml:71:17-82
122            <meta-data
122-->[com.google.firebase:firebase-firestore-ktx:25.0.0] AndroidManifest.xml:12:13-14:85
123                android:name="com.google.firebase.components:com.google.firebase.firestore.ktx.FirebaseFirestoreLegacyRegistrar"
123-->[com.google.firebase:firebase-firestore-ktx:25.0.0] AndroidManifest.xml:13:17-129
124                android:value="com.google.firebase.components.ComponentRegistrar" />
124-->[com.google.firebase:firebase-firestore-ktx:25.0.0] AndroidManifest.xml:14:17-82
125            <meta-data
125-->[com.google.firebase:firebase-firestore:26.0.2] AndroidManifest.xml:17:13-19:85
126                android:name="com.google.firebase.components:com.google.firebase.firestore.FirebaseFirestoreKtxRegistrar"
126-->[com.google.firebase:firebase-firestore:26.0.2] AndroidManifest.xml:18:17-122
127                android:value="com.google.firebase.components.ComponentRegistrar" />
127-->[com.google.firebase:firebase-firestore:26.0.2] AndroidManifest.xml:19:17-82
128            <meta-data
128-->[com.google.firebase:firebase-firestore:26.0.2] AndroidManifest.xml:20:13-22:85
129                android:name="com.google.firebase.components:com.google.firebase.firestore.FirestoreRegistrar"
129-->[com.google.firebase:firebase-firestore:26.0.2] AndroidManifest.xml:21:17-111
130                android:value="com.google.firebase.components.ComponentRegistrar" />
130-->[com.google.firebase:firebase-firestore:26.0.2] AndroidManifest.xml:22:17-82
131            <meta-data
131-->[com.google.firebase:firebase-messaging-ktx:24.1.2] AndroidManifest.xml:26:13-28:85
132                android:name="com.google.firebase.components:com.google.firebase.messaging.ktx.FirebaseMessagingLegacyRegistrar"
132-->[com.google.firebase:firebase-messaging-ktx:24.1.2] AndroidManifest.xml:27:17-129
133                android:value="com.google.firebase.components.ComponentRegistrar" />
133-->[com.google.firebase:firebase-messaging-ktx:24.1.2] AndroidManifest.xml:28:17-82
134            <meta-data
134-->[com.google.firebase:firebase-messaging:25.0.1] AndroidManifest.xml:57:13-59:85
135                android:name="com.google.firebase.components:com.google.firebase.messaging.FirebaseMessagingKtxRegistrar"
135-->[com.google.firebase:firebase-messaging:25.0.1] AndroidManifest.xml:58:17-122
136                android:value="com.google.firebase.components.ComponentRegistrar" />
136-->[com.google.firebase:firebase-messaging:25.0.1] AndroidManifest.xml:59:17-82
137            <meta-data
137-->[com.google.firebase:firebase-messaging:25.0.1] AndroidManifest.xml:60:13-62:85
138                android:name="com.google.firebase.components:com.google.firebase.messaging.FirebaseMessagingRegistrar"
138-->[com.google.firebase:firebase-messaging:25.0.1] AndroidManifest.xml:61:17-119
139                android:value="com.google.firebase.components.ComponentRegistrar" />
139-->[com.google.firebase:firebase-messaging:25.0.1] AndroidManifest.xml:62:17-82
140            <meta-data
140-->[com.google.firebase:firebase-analytics-ktx:22.5.0] AndroidManifest.xml:11:13-13:85
141                android:name="com.google.firebase.components:com.google.firebase.analytics.ktx.FirebaseAnalyticsLegacyRegistrar"
141-->[com.google.firebase:firebase-analytics-ktx:22.5.0] AndroidManifest.xml:12:17-129
142                android:value="com.google.firebase.components.ComponentRegistrar" />
142-->[com.google.firebase:firebase-analytics-ktx:22.5.0] AndroidManifest.xml:13:17-82
143            <meta-data
143-->[com.google.firebase:firebase-common-ktx:21.0.0] AndroidManifest.xml:12:13-14:85
144                android:name="com.google.firebase.components:com.google.firebase.ktx.FirebaseCommonLegacyRegistrar"
144-->[com.google.firebase:firebase-common-ktx:21.0.0] AndroidManifest.xml:13:17-116
145                android:value="com.google.firebase.components.ComponentRegistrar" />
145-->[com.google.firebase:firebase-common-ktx:21.0.0] AndroidManifest.xml:14:17-82
146            <meta-data
146-->[com.google.android.gms:play-services-measurement-api:23.0.0] AndroidManifest.xml:33:13-35:85
147                android:name="com.google.firebase.components:com.google.firebase.analytics.connector.internal.AnalyticsConnectorRegistrar"
147-->[com.google.android.gms:play-services-measurement-api:23.0.0] AndroidManifest.xml:34:17-139
148                android:value="com.google.firebase.components.ComponentRegistrar" />
148-->[com.google.android.gms:play-services-measurement-api:23.0.0] AndroidManifest.xml:35:17-82
149            <meta-data
149-->[com.google.firebase:firebase-installations:19.0.1] AndroidManifest.xml:15:13-17:85
150                android:name="com.google.firebase.components:com.google.firebase.installations.FirebaseInstallationsKtxRegistrar"
150-->[com.google.firebase:firebase-installations:19.0.1] AndroidManifest.xml:16:17-130
151                android:value="com.google.firebase.components.ComponentRegistrar" />
151-->[com.google.firebase:firebase-installations:19.0.1] AndroidManifest.xml:17:17-82
152            <meta-data
152-->[com.google.firebase:firebase-installations:19.0.1] AndroidManifest.xml:18:13-20:85
153                android:name="com.google.firebase.components:com.google.firebase.installations.FirebaseInstallationsRegistrar"
153-->[com.google.firebase:firebase-installations:19.0.1] AndroidManifest.xml:19:17-127
154                android:value="com.google.firebase.components.ComponentRegistrar" />
154-->[com.google.firebase:firebase-installations:19.0.1] AndroidManifest.xml:20:17-82
155            <meta-data
155-->[com.google.firebase:firebase-common:22.0.1] AndroidManifest.xml:35:13-37:85
156                android:name="com.google.firebase.components:com.google.firebase.FirebaseCommonKtxRegistrar"
156-->[com.google.firebase:firebase-common:22.0.1] AndroidManifest.xml:36:17-109
157                android:value="com.google.firebase.components.ComponentRegistrar" />
157-->[com.google.firebase:firebase-common:22.0.1] AndroidManifest.xml:37:17-82
158            <meta-data
158-->[com.google.firebase:firebase-datatransport:18.2.0] AndroidManifest.xml:25:13-27:85
159                android:name="com.google.firebase.components:com.google.firebase.datatransport.TransportRegistrar"
159-->[com.google.firebase:firebase-datatransport:18.2.0] AndroidManifest.xml:26:17-115
160                android:value="com.google.firebase.components.ComponentRegistrar" />
160-->[com.google.firebase:firebase-datatransport:18.2.0] AndroidManifest.xml:27:17-82
161        </service>
162
163        <activity
163-->[com.google.firebase:firebase-auth:24.0.1] AndroidManifest.xml:29:9-46:20
164            android:name="com.google.firebase.auth.internal.GenericIdpActivity"
164-->[com.google.firebase:firebase-auth:24.0.1] AndroidManifest.xml:30:13-80
165            android:excludeFromRecents="true"
165-->[com.google.firebase:firebase-auth:24.0.1] AndroidManifest.xml:31:13-46
166            android:exported="true"
166-->[com.google.firebase:firebase-auth:24.0.1] AndroidManifest.xml:32:13-36
167            android:launchMode="singleTask"
167-->[com.google.firebase:firebase-auth:24.0.1] AndroidManifest.xml:33:13-44
168            android:theme="@android:style/Theme.Translucent.NoTitleBar" >
168-->[com.google.firebase:firebase-auth:24.0.1] AndroidManifest.xml:34:13-72
169            <intent-filter>
169-->[com.google.firebase:firebase-auth:24.0.1] AndroidManifest.xml:35:13-45:29
170                <action android:name="android.intent.action.VIEW" />
170-->[com.google.firebase:firebase-auth:24.0.1] AndroidManifest.xml:36:17-69
170-->[com.google.firebase:firebase-auth:24.0.1] AndroidManifest.xml:36:25-66
171
172                <category android:name="android.intent.category.DEFAULT" />
172-->[com.google.firebase:firebase-auth:24.0.1] AndroidManifest.xml:38:17-76
172-->[com.google.firebase:firebase-auth:24.0.1] AndroidManifest.xml:38:27-73
173                <category android:name="android.intent.category.BROWSABLE" />
173-->[com.google.firebase:firebase-auth:24.0.1] AndroidManifest.xml:39:17-78
173-->[com.google.firebase:firebase-auth:24.0.1] AndroidManifest.xml:39:27-75
174
175                <data
175-->[com.google.firebase:firebase-auth:24.0.1] AndroidManifest.xml:41:17-44:51
176                    android:host="firebase.auth"
176-->[com.google.firebase:firebase-auth:24.0.1] AndroidManifest.xml:42:21-49
177                    android:path="/"
177-->[com.google.firebase:firebase-auth:24.0.1] AndroidManifest.xml:43:21-37
178                    android:scheme="genericidp" />
178-->[com.google.firebase:firebase-auth:24.0.1] AndroidManifest.xml:44:21-48
179            </intent-filter>
180        </activity>
181        <activity
181-->[com.google.firebase:firebase-auth:24.0.1] AndroidManifest.xml:47:9-64:20
182            android:name="com.google.firebase.auth.internal.RecaptchaActivity"
182-->[com.google.firebase:firebase-auth:24.0.1] AndroidManifest.xml:48:13-79
183            android:excludeFromRecents="true"
183-->[com.google.firebase:firebase-auth:24.0.1] AndroidManifest.xml:49:13-46
184            android:exported="true"
184-->[com.google.firebase:firebase-auth:24.0.1] AndroidManifest.xml:50:13-36
185            android:launchMode="singleTask"
185-->[com.google.firebase:firebase-auth:24.0.1] AndroidManifest.xml:51:13-44
186            android:theme="@android:style/Theme.Translucent.NoTitleBar" >
186-->[com.google.firebase:firebase-auth:24.0.1] AndroidManifest.xml:52:13-72
187            <intent-filter>
187-->[com.google.firebase:firebase-auth:24.0.1] AndroidManifest.xml:53:13-63:29
188                <action android:name="android.intent.action.VIEW" />
188-->[com.google.firebase:firebase-auth:24.0.1] AndroidManifest.xml:36:17-69
188-->[com.google.firebase:firebase-auth:24.0.1] AndroidManifest.xml:36:25-66
189
190                <category android:name="android.intent.category.DEFAULT" />
190-->[com.google.firebase:firebase-auth:24.0.1] AndroidManifest.xml:38:17-76
190-->[com.google.firebase:firebase-auth:24.0.1] AndroidManifest.xml:38:27-73
191                <category android:name="android.intent.category.BROWSABLE" />
191-->[com.google.firebase:firebase-auth:24.0.1] AndroidManifest.xml:39:17-78
191-->[com.google.firebase:firebase-auth:24.0.1] AndroidManifest.xml:39:27-75
192
193                <data
193-->[com.google.firebase:firebase-auth:24.0.1] AndroidManifest.xml:41:17-44:51
194                    android:host="firebase.auth"
194-->[com.google.firebase:firebase-auth:24.0.1] AndroidManifest.xml:42:21-49
195                    android:path="/"
195-->[com.google.firebase:firebase-auth:24.0.1] AndroidManifest.xml:43:21-37
196                    android:scheme="recaptcha" />
196-->[com.google.firebase:firebase-auth:24.0.1] AndroidManifest.xml:44:21-48
197            </intent-filter>
198        </activity>
199
200        <service
200-->[androidx.credentials:credentials-play-services-auth:1.3.0] AndroidManifest.xml:24:9-32:19
201            android:name="androidx.credentials.playservices.CredentialProviderMetadataHolder"
201-->[androidx.credentials:credentials-play-services-auth:1.3.0] AndroidManifest.xml:25:13-94
202            android:enabled="true"
202-->[androidx.credentials:credentials-play-services-auth:1.3.0] AndroidManifest.xml:26:13-35
203            android:exported="false" >
203-->[androidx.credentials:credentials-play-services-auth:1.3.0] AndroidManifest.xml:27:13-37
204            <meta-data
204-->[androidx.credentials:credentials-play-services-auth:1.3.0] AndroidManifest.xml:29:13-31:104
205                android:name="androidx.credentials.CREDENTIAL_PROVIDER_KEY"
205-->[androidx.credentials:credentials-play-services-auth:1.3.0] AndroidManifest.xml:30:17-76
206                android:value="androidx.credentials.playservices.CredentialProviderPlayServicesImpl" />
206-->[androidx.credentials:credentials-play-services-auth:1.3.0] AndroidManifest.xml:31:17-101
207        </service>
208
209        <activity
209-->[androidx.credentials:credentials-play-services-auth:1.3.0] AndroidManifest.xml:34:9-41:20
210            android:name="androidx.credentials.playservices.HiddenActivity"
210-->[androidx.credentials:credentials-play-services-auth:1.3.0] AndroidManifest.xml:35:13-76
211            android:configChanges="orientation|screenSize|screenLayout|keyboardHidden"
211-->[androidx.credentials:credentials-play-services-auth:1.3.0] AndroidManifest.xml:36:13-87
212            android:enabled="true"
212-->[androidx.credentials:credentials-play-services-auth:1.3.0] AndroidManifest.xml:37:13-35
213            android:exported="false"
213-->[androidx.credentials:credentials-play-services-auth:1.3.0] AndroidManifest.xml:38:13-37
214            android:fitsSystemWindows="true"
214-->[androidx.credentials:credentials-play-services-auth:1.3.0] AndroidManifest.xml:39:13-45
215            android:theme="@style/Theme.Hidden" >
215-->[androidx.credentials:credentials-play-services-auth:1.3.0] AndroidManifest.xml:40:13-48
216        </activity>
217        <activity
217-->[com.google.android.gms:play-services-auth:21.1.1] AndroidManifest.xml:23:9-27:75
218            android:name="com.google.android.gms.auth.api.signin.internal.SignInHubActivity"
218-->[com.google.android.gms:play-services-auth:21.1.1] AndroidManifest.xml:24:13-93
219            android:excludeFromRecents="true"
219-->[com.google.android.gms:play-services-auth:21.1.1] AndroidManifest.xml:25:13-46
220            android:exported="false"
220-->[com.google.android.gms:play-services-auth:21.1.1] AndroidManifest.xml:26:13-37
221            android:theme="@android:style/Theme.Translucent.NoTitleBar" />
221-->[com.google.android.gms:play-services-auth:21.1.1] AndroidManifest.xml:27:13-72
222        <!--
223            Service handling Google Sign-In user revocation. For apps that do not integrate with
224            Google Sign-In, this service will never be started.
225        -->
226        <service
226-->[com.google.android.gms:play-services-auth:21.1.1] AndroidManifest.xml:33:9-37:51
227            android:name="com.google.android.gms.auth.api.signin.RevocationBoundService"
227-->[com.google.android.gms:play-services-auth:21.1.1] AndroidManifest.xml:34:13-89
228            android:exported="true"
228-->[com.google.android.gms:play-services-auth:21.1.1] AndroidManifest.xml:35:13-36
229            android:permission="com.google.android.gms.auth.api.signin.permission.REVOCATION_NOTIFICATION"
229-->[com.google.android.gms:play-services-auth:21.1.1] AndroidManifest.xml:36:13-107
230            android:visibleToInstantApps="true" />
230-->[com.google.android.gms:play-services-auth:21.1.1] AndroidManifest.xml:37:13-48
231
232        <receiver
232-->[com.google.firebase:firebase-messaging:25.0.1] AndroidManifest.xml:29:9-40:20
233            android:name="com.google.firebase.iid.FirebaseInstanceIdReceiver"
233-->[com.google.firebase:firebase-messaging:25.0.1] AndroidManifest.xml:30:13-78
234            android:exported="true"
234-->[com.google.firebase:firebase-messaging:25.0.1] AndroidManifest.xml:31:13-36
235            android:permission="com.google.android.c2dm.permission.SEND" >
235-->[com.google.firebase:firebase-messaging:25.0.1] AndroidManifest.xml:32:13-73
236            <intent-filter>
236-->[com.google.firebase:firebase-messaging:25.0.1] AndroidManifest.xml:33:13-35:29
237                <action android:name="com.google.android.c2dm.intent.RECEIVE" />
237-->[com.google.firebase:firebase-messaging:25.0.1] AndroidManifest.xml:34:17-81
237-->[com.google.firebase:firebase-messaging:25.0.1] AndroidManifest.xml:34:25-78
238            </intent-filter>
239
240            <meta-data
240-->[com.google.firebase:firebase-messaging:25.0.1] AndroidManifest.xml:37:13-39:40
241                android:name="com.google.android.gms.cloudmessaging.FINISHED_AFTER_HANDLED"
241-->[com.google.firebase:firebase-messaging:25.0.1] AndroidManifest.xml:38:17-92
242                android:value="true" />
242-->[com.google.firebase:firebase-messaging:25.0.1] AndroidManifest.xml:39:17-37
243        </receiver>
244        <!--
245             FirebaseMessagingService performs security checks at runtime,
246             but set to not exported to explicitly avoid allowing another app to call it.
247        -->
248        <service
248-->[com.google.firebase:firebase-messaging:25.0.1] AndroidManifest.xml:46:9-53:19
249            android:name="com.google.firebase.messaging.FirebaseMessagingService"
249-->[com.google.firebase:firebase-messaging:25.0.1] AndroidManifest.xml:47:13-82
250            android:directBootAware="true"
250-->[com.google.firebase:firebase-messaging:25.0.1] AndroidManifest.xml:48:13-43
251            android:exported="false" >
251-->[com.google.firebase:firebase-messaging:25.0.1] AndroidManifest.xml:49:13-37
252            <intent-filter android:priority="-500" >
252-->src\main\AndroidManifest.xml:84:13-86:29
253                <action android:name="com.google.firebase.MESSAGING_EVENT" />
253-->src\main\AndroidManifest.xml:85:17-78
253-->src\main\AndroidManifest.xml:85:25-75
254            </intent-filter>
255        </service>
256
257        <provider
257-->[com.google.firebase:firebase-common:22.0.1] AndroidManifest.xml:23:9-28:39
258            android:name="com.google.firebase.provider.FirebaseInitProvider"
258-->[com.google.firebase:firebase-common:22.0.1] AndroidManifest.xml:24:13-77
259            android:authorities="com.acms.cinemeteor.firebaseinitprovider"
259-->[com.google.firebase:firebase-common:22.0.1] AndroidManifest.xml:25:13-72
260            android:directBootAware="true"
260-->[com.google.firebase:firebase-common:22.0.1] AndroidManifest.xml:26:13-43
261            android:exported="false"
261-->[com.google.firebase:firebase-common:22.0.1] AndroidManifest.xml:27:13-37
262            android:initOrder="100" />